2025-07-24 15:14:43,859 - INFO - MQTT 서버가 0.0.0.0:1885에서 시작되었습니다.
2025-07-24 15:15:35,475 - INFO - 새로운 클라이언트 연결: ('127.0.0.1', 50708)
2025-07-24 15:15:35,476 - INFO - CONNECT: 프로토콜=MQTT, 레벨=4, 클라이언트ID=subscriber_test
2025-07-24 15:15:35,477 - INFO - 클라이언트 추가됨: subscriber_test
2025-07-24 15:15:35,477 - INFO - CONNACK 전송 완료
2025-07-24 15:15:35,477 - INFO - 클라이언트 subscriber_test 연결 성공
2025-07-24 15:15:35,477 - INFO - 구독: subscriber_test -> sensor/#
2025-07-24 15:15:35,478 - INFO - SUBACK 전송 완료
2025-07-24 15:15:35,478 - INFO - SUBSCRIBE: 토픽=sensor/#, QoS=0
2025-07-24 15:15:35,478 - INFO - 구독: subscriber_test -> device/#
2025-07-24 15:15:35,478 - INFO - SUBACK 전송 완료
2025-07-24 15:15:35,479 - INFO - SUBSCRIBE: 토픽=device/#, QoS=0
2025-07-24 15:15:37,477 - INFO - 새로운 클라이언트 연결: ('127.0.0.1', 50711)
2025-07-24 15:15:37,478 - INFO - CONNECT: 프로토콜=MQTT, 레벨=4, 클라이언트ID=publisher_test
2025-07-24 15:15:37,478 - INFO - 클라이언트 추가됨: publisher_test
2025-07-24 15:15:37,478 - INFO - CONNACK 전송 완료
2025-07-24 15:15:37,478 - INFO - 클라이언트 publisher_test 연결 성공
2025-07-24 15:15:37,479 - INFO - PUBLISH: 토픽=sensor/temperature, 메시지={"temperature": 25.5, "unit": "celsius"}
2025-07-24 15:15:39,479 - INFO - PUBLISH: 토픽=sensor/humidity, 메시지={"humidity": 60.2, "unit": "percent"}
2025-07-24 15:15:41,480 - INFO - PUBLISH: 토픽=device/status, 메시지={"status": "online", "timestamp": "1753337737.4790058"}
2025-07-24 15:15:43,480 - INFO - PUBLISH: 토픽=sensor/temperature, 메시지={"temperature": 25.5, "unit": "celsius"}
2025-07-24 15:15:45,481 - INFO - PUBLISH: 토픽=sensor/humidity, 메시지={"humidity": 60.2, "unit": "percent"}
2025-07-24 15:15:47,483 - INFO - PUBLISH: 토픽=device/status, 메시지={"status": "online", "timestamp": "1753337737.4790058"}
2025-07-24 15:15:49,483 - INFO - PUBLISH: 토픽=sensor/temperature, 메시지={"temperature": 25.5, "unit": "celsius"}
2025-07-24 15:15:51,484 - INFO - PUBLISH: 토픽=sensor/humidity, 메시지={"humidity": 60.2, "unit": "percent"}
2025-07-24 15:15:53,484 - INFO - PUBLISH: 토픽=device/status, 메시지={"status": "online", "timestamp": "1753337737.4790058"}
2025-07-24 15:15:54,602 - INFO - 새로운 클라이언트 연결: ('127.0.0.1', 50739)
2025-07-24 15:15:54,602 - INFO - CONNECT: 프로토콜=MQTT, 레벨=4, 클라이언트ID=subscriber_test
2025-07-24 15:15:54,603 - INFO - 클라이언트 추가됨: subscriber_test
2025-07-24 15:15:54,603 - INFO - CONNACK 전송 완료
2025-07-24 15:15:54,603 - INFO - 클라이언트 subscriber_test 연결 성공
2025-07-24 15:15:54,604 - INFO - 구독: subscriber_test -> sensor/#
2025-07-24 15:15:54,604 - INFO - SUBACK 전송 완료
2025-07-24 15:15:54,604 - INFO - SUBSCRIBE: 토픽=sensor/#, QoS=0
2025-07-24 15:15:54,605 - INFO - 구독: subscriber_test -> device/#
2025-07-24 15:15:54,605 - INFO - SUBACK 전송 완료
2025-07-24 15:15:54,605 - INFO - SUBSCRIBE: 토픽=device/#, QoS=0
2025-07-24 15:15:55,485 - INFO - PUBLISH: 토픽=sensor/temperature, 메시지={"temperature": 25.5, "unit": "celsius"}
2025-07-24 15:15:57,507 - INFO - 클라이언트 publisher_test 연결 해제
2025-07-24 15:15:57,507 - INFO - 클라이언트 제거됨: publisher_test
2025-07-24 15:15:57,516 - ERROR - 패킷 헤더 읽기 오류: [WinError 10054] 현재 연결은 원격 호스트에 의해 강제로 끊겼습니다
2025-07-24 15:15:57,516 - ERROR - 클라이언트 ('127.0.0.1', 50708) 처리 중 오류: [WinError 10054] 현재 연결은 원격 호스트에 의해 강제로 끊겼습니다
2025-07-24 15:15:57,517 - INFO - 클라이언트 제거됨: subscriber_test
2025-07-24 15:16:14,461 - INFO - 새로운 클라이언트 연결: ('127.0.0.1', 50762)
2025-07-24 15:16:14,462 - INFO - CONNECT: 프로토콜=MQTT, 레벨=4, 클라이언트ID=publisher_test
2025-07-24 15:16:14,462 - INFO - 클라이언트 추가됨: publisher_test
2025-07-24 15:16:14,462 - INFO - CONNACK 전송 완료
2025-07-24 15:16:14,463 - INFO - 클라이언트 publisher_test 연결 성공
2025-07-24 15:16:14,463 - INFO - PUBLISH: 토픽=sensor/temperature, 메시지={"temperature": 25.5, "unit": "celsius"}
2025-07-24 15:16:16,464 - INFO - PUBLISH: 토픽=sensor/humidity, 메시지={"humidity": 60.2, "unit": "percent"}
2025-07-24 15:16:18,465 - INFO - PUBLISH: 토픽=device/status, 메시지={"status": "online", "timestamp": "1753337774.463412"}
2025-07-24 15:16:20,465 - INFO - PUBLISH: 토픽=sensor/temperature, 메시지={"temperature": 25.5, "unit": "celsius"}
2025-07-24 15:16:22,466 - INFO - PUBLISH: 토픽=sensor/humidity, 메시지={"humidity": 60.2, "unit": "percent"}
2025-07-24 15:16:24,466 - INFO - PUBLISH: 토픽=device/status, 메시지={"status": "online", "timestamp": "1753337774.463412"}
2025-07-24 15:16:24,894 - INFO - 클라이언트 subscriber_test 연결 해제
2025-07-24 15:16:26,467 - INFO - PUBLISH: 토픽=sensor/temperature, 메시지={"temperature": 25.5, "unit": "celsius"}
2025-07-24 15:16:28,468 - INFO - PUBLISH: 토픽=sensor/humidity, 메시지={"humidity": 60.2, "unit": "percent"}
2025-07-24 15:16:30,469 - INFO - PUBLISH: 토픽=device/status, 메시지={"status": "online", "timestamp": "1753337774.463412"}
2025-07-24 15:16:32,469 - INFO - PUBLISH: 토픽=sensor/temperature, 메시지={"temperature": 25.5, "unit": "celsius"}
2025-07-24 15:16:34,472 - INFO - 클라이언트 publisher_test 연결 해제
2025-07-24 15:16:34,472 - INFO - 클라이언트 제거됨: publisher_test
2025-07-24 15:16:55,774 - INFO - 새로운 클라이언트 연결: ('127.0.0.1', 50805)
2025-07-24 15:16:55,775 - INFO - CONNECT: 프로토콜=MQTT, 레벨=4, 클라이언트ID=subscriber_test
2025-07-24 15:16:55,775 - INFO - 클라이언트 추가됨: subscriber_test
2025-07-24 15:16:55,775 - INFO - CONNACK 전송 완료
2025-07-24 15:16:55,775 - INFO - 클라이언트 subscriber_test 연결 성공
2025-07-24 15:16:55,776 - INFO - 구독: subscriber_test -> sensor/#
2025-07-24 15:16:55,776 - INFO - SUBACK 전송 완료
2025-07-24 15:16:55,776 - INFO - SUBSCRIBE: 토픽=sensor/#, QoS=0
2025-07-24 15:16:55,777 - INFO - 구독: subscriber_test -> device/#
2025-07-24 15:16:55,777 - INFO - SUBACK 전송 완료
2025-07-24 15:16:55,777 - INFO - SUBSCRIBE: 토픽=device/#, QoS=0
2025-07-24 15:17:02,602 - INFO - 새로운 클라이언트 연결: ('127.0.0.1', 50813)
2025-07-24 15:17:02,603 - INFO - CONNECT: 프로토콜=MQTT, 레벨=4, 클라이언트ID=publisher_test
2025-07-24 15:17:02,603 - INFO - 클라이언트 추가됨: publisher_test
2025-07-24 15:17:02,603 - INFO - CONNACK 전송 완료
2025-07-24 15:17:02,603 - INFO - 클라이언트 publisher_test 연결 성공
2025-07-24 15:17:02,604 - INFO - PUBLISH: 토픽=sensor/temperature, 메시지={"temperature": 25.5, "unit": "celsius"}
2025-07-24 15:17:04,604 - INFO - PUBLISH: 토픽=sensor/humidity, 메시지={"humidity": 60.2, "unit": "percent"}
2025-07-24 15:17:06,606 - INFO - PUBLISH: 토픽=device/status, 메시지={"status": "online", "timestamp": "1753337822.6040578"}
2025-07-24 15:17:08,607 - INFO - PUBLISH: 토픽=sensor/temperature, 메시지={"temperature": 25.5, "unit": "celsius"}
2025-07-24 15:17:10,608 - INFO - PUBLISH: 토픽=sensor/humidity, 메시지={"humidity": 60.2, "unit": "percent"}
2025-07-24 15:17:12,609 - INFO - PUBLISH: 토픽=device/status, 메시지={"status": "online", "timestamp": "1753337822.6040578"}
2025-07-24 15:17:14,609 - INFO - PUBLISH: 토픽=sensor/temperature, 메시지={"temperature": 25.5, "unit": "celsius"}
2025-07-24 15:17:16,610 - INFO - PUBLISH: 토픽=sensor/humidity, 메시지={"humidity": 60.2, "unit": "percent"}
2025-07-24 15:17:18,611 - INFO - PUBLISH: 토픽=device/status, 메시지={"status": "online", "timestamp": "1753337822.6040578"}
2025-07-24 15:17:20,612 - INFO - PUBLISH: 토픽=sensor/temperature, 메시지={"temperature": 25.5, "unit": "celsius"}
2025-07-24 15:17:22,628 - INFO - 클라이언트 publisher_test 연결 해제
2025-07-24 15:17:22,628 - INFO - 클라이언트 제거됨: publisher_test
2025-07-24 15:17:26,066 - INFO - 클라이언트 subscriber_test 연결 해제
2025-07-24 15:17:26,066 - INFO - 클라이언트 제거됨: subscriber_test
2025-07-24 16:12:38,212 - INFO - 새로운 클라이언트 연결: ('127.0.0.1', 55914)
2025-07-24 16:12:38,213 - INFO - CONNECT: 프로토콜=MQTT, 레벨=4, 클라이언트ID=publisher_test
2025-07-24 16:12:38,213 - INFO - 클라이언트 추가됨: publisher_test
2025-07-24 16:12:38,213 - INFO - CONNACK 전송 완료
2025-07-24 16:12:38,213 - INFO - 클라이언트 publisher_test 연결 성공
2025-07-24 16:12:38,214 - INFO - PUBLISH: 토픽=sensor/temperature, 메시지={"temperature": 25.5, "unit": "celsius"}
2025-07-24 16:12:40,214 - INFO - PUBLISH: 토픽=sensor/humidity, 메시지={"humidity": 60.2, "unit": "percent"}
2025-07-24 16:12:42,215 - INFO - PUBLISH: 토픽=device/status, 메시지={"status": "online", "timestamp": "1753341158.2140896"}
2025-07-24 16:12:44,215 - INFO - PUBLISH: 토픽=sensor/temperature, 메시지={"temperature": 25.5, "unit": "celsius"}
2025-07-24 16:12:46,216 - INFO - PUBLISH: 토픽=sensor/humidity, 메시지={"humidity": 60.2, "unit": "percent"}
2025-07-24 16:12:48,217 - INFO - PUBLISH: 토픽=device/status, 메시지={"status": "online", "timestamp": "1753341158.2140896"}
2025-07-24 16:12:50,218 - INFO - PUBLISH: 토픽=sensor/temperature, 메시지={"temperature": 25.5, "unit": "celsius"}
2025-07-24 16:12:52,218 - INFO - PUBLISH: 토픽=sensor/humidity, 메시지={"humidity": 60.2, "unit": "percent"}
2025-07-24 16:12:54,219 - INFO - PUBLISH: 토픽=device/status, 메시지={"status": "online", "timestamp": "1753341158.2140896"}
2025-07-24 16:12:56,221 - INFO - PUBLISH: 토픽=sensor/temperature, 메시지={"temperature": 25.5, "unit": "celsius"}
2025-07-24 16:12:58,237 - INFO - 클라이언트 publisher_test 연결 해제
2025-07-24 16:12:58,238 - INFO - 클라이언트 제거됨: publisher_test
2025-07-24 16:19:56,253 - INFO - MQTT 서버가 0.0.0.0:1885에서 시작되었습니다.
2025-07-24 16:20:13,286 - INFO - 새로운 클라이언트 연결: ('127.0.0.1', 56471)
2025-07-24 16:20:13,287 - INFO - CONNECT: 프로토콜=MQTT, 레벨=4, 클라이언트ID=subscriber_test
2025-07-24 16:20:13,287 - INFO - 클라이언트 추가됨: subscriber_test
2025-07-24 16:20:13,287 - INFO - CONNACK 전송 완료
2025-07-24 16:20:13,288 - INFO - 클라이언트 subscriber_test 연결 성공
2025-07-24 16:20:13,288 - INFO - 구독: subscriber_test -> sensor/#
2025-07-24 16:20:13,288 - INFO - SUBACK 전송 완료
2025-07-24 16:20:13,288 - INFO - SUBSCRIBE: 토픽=sensor/#, QoS=0
2025-07-24 16:20:13,289 - INFO - 구독: subscriber_test -> device/#
2025-07-24 16:20:13,289 - INFO - SUBACK 전송 완료
2025-07-24 16:20:13,289 - INFO - SUBSCRIBE: 토픽=device/#, QoS=0
2025-07-24 16:20:15,292 - INFO - 새로운 클라이언트 연결: ('127.0.0.1', 56476)
2025-07-24 16:20:15,293 - INFO - CONNECT: 프로토콜=MQTT, 레벨=4, 클라이언트ID=publisher_test
2025-07-24 16:20:15,294 - INFO - 클라이언트 추가됨: publisher_test
2025-07-24 16:20:15,294 - INFO - CONNACK 전송 완료
2025-07-24 16:20:15,294 - INFO - 클라이언트 publisher_test 연결 성공
2025-07-24 16:20:15,295 - INFO - PUBLISH: 토픽=sensor/temperature, 메시지={"temperature": 25.5, "unit": "celsius"}
2025-07-24 16:20:17,295 - INFO - PUBLISH: 토픽=sensor/humidity, 메시지={"humidity": 60.2, "unit": "percent"}
2025-07-24 16:20:19,296 - INFO - PUBLISH: 토픽=device/status, 메시지={"status": "online", "timestamp": "1753341615.2951229"}
2025-07-24 16:20:21,298 - INFO - PUBLISH: 토픽=sensor/temperature, 메시지={"temperature": 25.5, "unit": "celsius"}
2025-07-24 16:20:23,298 - INFO - PUBLISH: 토픽=sensor/humidity, 메시지={"humidity": 60.2, "unit": "percent"}
2025-07-24 16:20:25,299 - INFO - PUBLISH: 토픽=device/status, 메시지={"status": "online", "timestamp": "1753341615.2951229"}
2025-07-24 16:20:27,300 - INFO - PUBLISH: 토픽=sensor/temperature, 메시지={"temperature": 25.5, "unit": "celsius"}
2025-07-24 16:20:29,300 - INFO - PUBLISH: 토픽=sensor/humidity, 메시지={"humidity": 60.2, "unit": "percent"}
2025-07-24 16:20:31,301 - INFO - PUBLISH: 토픽=device/status, 메시지={"status": "online", "timestamp": "1753341615.2951229"}
2025-07-24 16:20:33,302 - INFO - PUBLISH: 토픽=sensor/temperature, 메시지={"temperature": 25.5, "unit": "celsius"}
2025-07-24 16:20:35,323 - INFO - 클라이언트 publisher_test 연결 해제
2025-07-24 16:20:35,324 - INFO - 클라이언트 제거됨: publisher_test
2025-07-24 16:20:35,332 - ERROR - 패킷 헤더 읽기 오류: [WinError 10054] 현재 연결은 원격 호스트에 의해 강제로 끊겼습니다
2025-07-24 16:20:35,332 - ERROR - 클라이언트 ('127.0.0.1', 56471) 처리 중 오류: [WinError 10054] 현재 연결은 원격 호스트에 의해 강제로 끊겼습니다
2025-07-24 16:20:35,332 - INFO - 클라이언트 제거됨: subscriber_test
2025-07-24 16:20:45,410 - INFO - 새로운 클라이언트 연결: ('127.0.0.1', 56523)
2025-07-24 16:20:45,411 - INFO - CONNECT: 프로토콜=MQTT, 레벨=4, 클라이언트ID=subscriber_test
2025-07-24 16:20:45,412 - INFO - 클라이언트 추가됨: subscriber_test
2025-07-24 16:20:45,412 - INFO - CONNACK 전송 완료
2025-07-24 16:20:45,412 - INFO - 클라이언트 subscriber_test 연결 성공
2025-07-24 16:20:45,413 - INFO - 구독: subscriber_test -> sensor/#
2025-07-24 16:20:45,413 - INFO - SUBACK 전송 완료
2025-07-24 16:20:45,413 - INFO - SUBSCRIBE: 토픽=sensor/#, QoS=0
2025-07-24 16:20:45,414 - INFO - 구독: subscriber_test -> device/#
2025-07-24 16:20:45,414 - INFO - SUBACK 전송 완료
2025-07-24 16:20:45,414 - INFO - SUBSCRIBE: 토픽=device/#, QoS=0
2025-07-24 16:20:47,380 - INFO - 새로운 클라이언트 연결: ('127.0.0.1', 56528)
2025-07-24 16:20:47,381 - INFO - CONNECT: 프로토콜=MQTT, 레벨=4, 클라이언트ID=publisher_test
2025-07-24 16:20:47,381 - INFO - 클라이언트 추가됨: publisher_test
2025-07-24 16:20:47,381 - INFO - CONNACK 전송 완료
2025-07-24 16:20:47,382 - INFO - 클라이언트 publisher_test 연결 성공
2025-07-24 16:20:47,382 - INFO - PUBLISH: 토픽=sensor/temperature, 메시지={"temperature": 25.5, "unit": "celsius"}
2025-07-24 16:20:49,383 - INFO - PUBLISH: 토픽=sensor/humidity, 메시지={"humidity": 60.2, "unit": "percent"}
2025-07-24 16:20:51,384 - INFO - PUBLISH: 토픽=device/status, 메시지={"status": "online", "timestamp": "1753341647.3822098"}
2025-07-24 16:20:53,385 - INFO - PUBLISH: 토픽=sensor/temperature, 메시지={"temperature": 25.5, "unit": "celsius"}
2025-07-24 16:20:55,386 - INFO - PUBLISH: 토픽=sensor/humidity, 메시지={"humidity": 60.2, "unit": "percent"}
2025-07-24 16:20:57,386 - INFO - PUBLISH: 토픽=device/status, 메시지={"status": "online", "timestamp": "1753341647.3822098"}
2025-07-24 16:20:59,387 - INFO - PUBLISH: 토픽=sensor/temperature, 메시지={"temperature": 25.5, "unit": "celsius"}
2025-07-24 16:21:01,388 - INFO - PUBLISH: 토픽=sensor/humidity, 메시지={"humidity": 60.2, "unit": "percent"}
2025-07-24 16:21:03,388 - INFO - PUBLISH: 토픽=device/status, 메시지={"status": "online", "timestamp": "1753341647.3822098"}
2025-07-24 16:21:05,389 - INFO - PUBLISH: 토픽=sensor/temperature, 메시지={"temperature": 25.5, "unit": "celsius"}
2025-07-24 16:21:07,408 - INFO - 클라이언트 publisher_test 연결 해제
2025-07-24 16:21:07,409 - INFO - 클라이언트 제거됨: publisher_test
2025-07-24 16:21:07,419 - ERROR - 패킷 헤더 읽기 오류: [WinError 10054] 현재 연결은 원격 호스트에 의해 강제로 끊겼습니다
2025-07-24 16:21:07,419 - ERROR - 클라이언트 ('127.0.0.1', 56523) 처리 중 오류: [WinError 10054] 현재 연결은 원격 호스트에 의해 강제로 끊겼습니다
2025-07-24 16:21:07,419 - INFO - 클라이언트 제거됨: subscriber_test
2025-07-24 16:22:02,170 - INFO - MQTT 서버가 0.0.0.0:1885에서 시작되었습니다.
